{"/Users/mlayton/Documents/crd-ztm/crwn-clothing/client/src/components/cart-dropdown/cart-dropdown.component.jsx": {"path":"/Users/mlayton/Documents/crd-ztm/crwn-clothing/client/src/components/cart-dropdown/cart-dropdown.component.jsx","statementMap":{"0":{"start":{"line":10,"column":34},"end":{"line":22,"column":1}},"1":{"start":{"line":24,"column":0},"end":{"line":24,"column":54}},"2":{"start":{"line":26,"column":40},"end":{"line":28,"column":1}},"3":{"start":{"line":30,"column":0},"end":{"line":30,"column":66}},"4":{"start":{"line":32,"column":37},"end":{"line":35,"column":1}},"5":{"start":{"line":39,"column":25},"end":{"line":47,"column":1}},"6":{"start":{"line":49,"column":0},"end":{"line":49,"column":36}},"7":{"start":{"line":51,"column":21},"end":{"line":77,"column":1}},"8":{"start":{"line":52,"column":20},"end":{"line":52,"column":48}},"9":{"start":{"line":53,"column":19},"end":{"line":53,"column":32}},"10":{"start":{"line":54,"column":18},"end":{"line":54,"column":30}},"11":{"start":{"line":56,"column":2},"end":{"line":76,"column":4}},"12":{"start":{"line":61,"column":12},"end":{"line":61,"column":58}},"13":{"start":{"line":69,"column":10},"end":{"line":69,"column":36}},"14":{"start":{"line":70,"column":10},"end":{"line":70,"column":39}}},"fnMap":{"0":{"name":"(anonymous_0)","decl":{"start":{"line":51,"column":21},"end":{"line":51,"column":22}},"loc":{"start":{"line":51,"column":27},"end":{"line":77,"column":1}},"line":51},"1":{"name":"(anonymous_1)","decl":{"start":{"line":60,"column":24},"end":{"line":60,"column":25}},"loc":{"start":{"line":61,"column":12},"end":{"line":61,"column":58}},"line":61},"2":{"name":"(anonymous_2)","decl":{"start":{"line":68,"column":17},"end":{"line":68,"column":18}},"loc":{"start":{"line":68,"column":23},"end":{"line":71,"column":9}},"line":68}},"branchMap":{"0":{"loc":{"start":{"line":59,"column":9},"end":{"line":65,"column":9}},"type":"cond-expr","locations":[{"start":{"line":60,"column":10},"end":{"line":62,"column":12}},{"start":{"line":64,"column":10},"end":{"line":64,"column":75}}],"line":59}},"s":{"0":1,"1":1,"2":1,"3":1,"4":1,"5":1,"6":1,"7":1,"8":4,"9":4,"10":4,"11":4,"12":12,"13":0,"14":0},"f":{"0":4,"1":12,"2":0},"b":{"0":[4,0]},"_coverageSchema":"1a1c01bbd47fc00a2c39e90264f33305004495a9","hash":"e4b3c7d43ea39fbe45d60f8c5d93f8aed26f145c"}
,"/Users/mlayton/Documents/crd-ztm/crwn-clothing/client/src/components/cart-icon/cart-icon.component.jsx": {"path":"/Users/mlayton/Documents/crd-ztm/crwn-clothing/client/src/components/cart-icon/cart-icon.component.jsx","statementMap":{"0":{"start":{"line":8,"column":30},"end":{"line":16,"column":1}},"1":{"start":{"line":18,"column":0},"end":{"line":18,"column":46}},"2":{"start":{"line":20,"column":28},"end":{"line":23,"column":1}},"3":{"start":{"line":25,"column":0},"end":{"line":25,"column":42}},"4":{"start":{"line":27,"column":25},"end":{"line":32,"column":1}},"5":{"start":{"line":34,"column":0},"end":{"line":34,"column":36}},"6":{"start":{"line":36,"column":17},"end":{"line":50,"column":1}},"7":{"start":{"line":37,"column":20},"end":{"line":37,"column":55}},"8":{"start":{"line":38,"column":19},"end":{"line":38,"column":32}},"9":{"start":{"line":40,"column":30},"end":{"line":42,"column":3}},"10":{"start":{"line":41,"column":4},"end":{"line":41,"column":32}},"11":{"start":{"line":44,"column":2},"end":{"line":49,"column":3}}},"fnMap":{"0":{"name":"(anonymous_0)","decl":{"start":{"line":36,"column":17},"end":{"line":36,"column":18}},"loc":{"start":{"line":36,"column":23},"end":{"line":50,"column":1}},"line":36},"1":{"name":"(anonymous_1)","decl":{"start":{"line":40,"column":30},"end":{"line":40,"column":31}},"loc":{"start":{"line":40,"column":36},"end":{"line":42,"column":3}},"line":40}},"branchMap":{},"s":{"0":1,"1":1,"2":1,"3":1,"4":1,"5":1,"6":1,"7":3,"8":3,"9":3,"10":1,"11":3},"f":{"0":3,"1":1},"b":{},"_coverageSchema":"1a1c01bbd47fc00a2c39e90264f33305004495a9","hash":"b84c9b541cf09886814ed0006fff13ec8099b9e6"}
,"/Users/mlayton/Documents/crd-ztm/crwn-clothing/client/src/components/cart-item/cart-item.component.jsx": {"path":"/Users/mlayton/Documents/crd-ztm/crwn-clothing/client/src/components/cart-item/cart-item.component.jsx","statementMap":{"0":{"start":{"line":4,"column":23},"end":{"line":12,"column":1}},"1":{"start":{"line":14,"column":20},"end":{"line":25,"column":1}},"2":{"start":{"line":27,"column":17},"end":{"line":37,"column":1}},"3":{"start":{"line":28,"column":2},"end":{"line":36,"column":19}}},"fnMap":{"0":{"name":"(anonymous_0)","decl":{"start":{"line":27,"column":17},"end":{"line":27,"column":18}},"loc":{"start":{"line":28,"column":2},"end":{"line":36,"column":19}},"line":28}},"branchMap":{},"s":{"0":2,"1":2,"2":2,"3":4},"f":{"0":4},"b":{},"_coverageSchema":"1a1c01bbd47fc00a2c39e90264f33305004495a9","hash":"b60e7ac7794afebfedab425283379871d270f846"}
,"/Users/mlayton/Documents/crd-ztm/crwn-clothing/client/src/components/checkout-item/checkout-item.component.jsx": {"path":"/Users/mlayton/Documents/crd-ztm/crwn-clothing/client/src/components/checkout-item/checkout-item.component.jsx","statementMap":{"0":{"start":{"line":6,"column":34},"end":{"line":18,"column":1}},"1":{"start":{"line":20,"column":30},"end":{"line":28,"column":1}},"2":{"start":{"line":30,"column":29},"end":{"line":36,"column":1}},"3":{"start":{"line":38,"column":33},"end":{"line":49,"column":1}},"4":{"start":{"line":51,"column":0},"end":{"line":51,"column":52}},"5":{"start":{"line":53,"column":28},"end":{"line":63,"column":1}},"6":{"start":{"line":65,"column":0},"end":{"line":65,"column":42}},"7":{"start":{"line":67,"column":21},"end":{"line":98,"column":1}},"8":{"start":{"line":68,"column":46},"end":{"line":68,"column":54}},"9":{"start":{"line":69,"column":19},"end":{"line":69,"column":32}},"10":{"start":{"line":71,"column":25},"end":{"line":73,"column":3}},"11":{"start":{"line":72,"column":4},"end":{"line":72,"column":34}},"12":{"start":{"line":75,"column":22},"end":{"line":77,"column":3}},"13":{"start":{"line":76,"column":4},"end":{"line":76,"column":31}},"14":{"start":{"line":79,"column":24},"end":{"line":81,"column":3}},"15":{"start":{"line":80,"column":4},"end":{"line":80,"column":41}},"16":{"start":{"line":83,"column":2},"end":{"line":97,"column":3}},"17":{"start":{"line":90,"column":28},"end":{"line":90,"column":52}},"18":{"start":{"line":92,"column":28},"end":{"line":92,"column":49}},"19":{"start":{"line":95,"column":35},"end":{"line":95,"column":58}}},"fnMap":{"0":{"name":"(anonymous_0)","decl":{"start":{"line":67,"column":21},"end":{"line":67,"column":22}},"loc":{"start":{"line":67,"column":39},"end":{"line":98,"column":1}},"line":67},"1":{"name":"(anonymous_1)","decl":{"start":{"line":71,"column":25},"end":{"line":71,"column":26}},"loc":{"start":{"line":71,"column":39},"end":{"line":73,"column":3}},"line":71},"2":{"name":"(anonymous_2)","decl":{"start":{"line":75,"column":22},"end":{"line":75,"column":23}},"loc":{"start":{"line":75,"column":36},"end":{"line":77,"column":3}},"line":75},"3":{"name":"(anonymous_3)","decl":{"start":{"line":79,"column":24},"end":{"line":79,"column":25}},"loc":{"start":{"line":79,"column":38},"end":{"line":81,"column":3}},"line":79},"4":{"name":"(anonymous_4)","decl":{"start":{"line":90,"column":22},"end":{"line":90,"column":23}},"loc":{"start":{"line":90,"column":28},"end":{"line":90,"column":52}},"line":90},"5":{"name":"(anonymous_5)","decl":{"start":{"line":92,"column":22},"end":{"line":92,"column":23}},"loc":{"start":{"line":92,"column":28},"end":{"line":92,"column":49}},"line":92},"6":{"name":"(anonymous_6)","decl":{"start":{"line":95,"column":29},"end":{"line":95,"column":30}},"loc":{"start":{"line":95,"column":35},"end":{"line":95,"column":58}},"line":95}},"branchMap":{},"s":{"0":1,"1":1,"2":1,"3":1,"4":1,"5":1,"6":1,"7":1,"8":4,"9":4,"10":4,"11":1,"12":4,"13":1,"14":4,"15":1,"16":4,"17":1,"18":1,"19":1},"f":{"0":4,"1":1,"2":1,"3":1,"4":1,"5":1,"6":1},"b":{},"_coverageSchema":"1a1c01bbd47fc00a2c39e90264f33305004495a9","hash":"d2553978eb47f12c023b839793efffe7f6aed5e9"}
,"/Users/mlayton/Documents/crd-ztm/crwn-clothing/client/src/components/collection-item/collection-item.component.jsx": {"path":"/Users/mlayton/Documents/crd-ztm/crwn-clothing/client/src/components/collection-item/collection-item.component.jsx","statementMap":{"0":{"start":{"line":7,"column":25},"end":{"line":14,"column":1}},"1":{"start":{"line":10,"column":44},"end":{"line":10,"column":52}},"2":{"start":{"line":16,"column":0},"end":{"line":16,"column":36}},"3":{"start":{"line":18,"column":25},"end":{"line":31,"column":1}},"4":{"start":{"line":33,"column":0},"end":{"line":33,"column":36}},"5":{"start":{"line":35,"column":36},"end":{"line":66,"column":1}},"6":{"start":{"line":68,"column":0},"end":{"line":68,"column":58}},"7":{"start":{"line":70,"column":26},"end":{"line":76,"column":1}},"8":{"start":{"line":78,"column":0},"end":{"line":78,"column":38}},"9":{"start":{"line":80,"column":29},"end":{"line":83,"column":1}},"10":{"start":{"line":85,"column":0},"end":{"line":85,"column":44}},"11":{"start":{"line":87,"column":30},"end":{"line":90,"column":1}},"12":{"start":{"line":92,"column":0},"end":{"line":92,"column":46}},"13":{"start":{"line":94,"column":23},"end":{"line":114,"column":1}},"14":{"start":{"line":95,"column":36},"end":{"line":95,"column":40}},"15":{"start":{"line":96,"column":19},"end":{"line":96,"column":32}},"16":{"start":{"line":98,"column":24},"end":{"line":100,"column":3}},"17":{"start":{"line":99,"column":4},"end":{"line":99,"column":28}},"18":{"start":{"line":102,"column":2},"end":{"line":113,"column":4}},"19":{"start":{"line":109,"column":41},"end":{"line":109,"column":60}}},"fnMap":{"0":{"name":"(anonymous_0)","decl":{"start":{"line":10,"column":26},"end":{"line":10,"column":27}},"loc":{"start":{"line":10,"column":44},"end":{"line":10,"column":52}},"line":10},"1":{"name":"(anonymous_1)","decl":{"start":{"line":94,"column":23},"end":{"line":94,"column":24}},"loc":{"start":{"line":94,"column":37},"end":{"line":114,"column":1}},"line":94},"2":{"name":"(anonymous_2)","decl":{"start":{"line":98,"column":24},"end":{"line":98,"column":25}},"loc":{"start":{"line":98,"column":34},"end":{"line":100,"column":3}},"line":98},"3":{"name":"(anonymous_3)","decl":{"start":{"line":109,"column":35},"end":{"line":109,"column":36}},"loc":{"start":{"line":109,"column":41},"end":{"line":109,"column":60}},"line":109}},"branchMap":{},"s":{"0":1,"1":0,"2":1,"3":1,"4":1,"5":1,"6":1,"7":1,"8":1,"9":1,"10":1,"11":1,"12":1,"13":1,"14":5,"15":5,"16":5,"17":1,"18":5,"19":1},"f":{"0":0,"1":5,"2":1,"3":1},"b":{},"_coverageSchema":"1a1c01bbd47fc00a2c39e90264f33305004495a9","hash":"d92e24a124c1defa8d637691b53a1a43be1e1b51"}
,"/Users/mlayton/Documents/crd-ztm/crwn-clothing/client/src/redux/tests.utils.js": {"path":"/Users/mlayton/Documents/crd-ztm/crwn-clothing/client/src/redux/tests.utils.js","statementMap":{},"fnMap":{},"branchMap":{},"s":{},"f":{},"b":{}}
,"/Users/mlayton/Documents/crd-ztm/crwn-clothing/client/src/redux/cart/cart.actions.js": {"path":"/Users/mlayton/Documents/crd-ztm/crwn-clothing/client/src/redux/cart/cart.actions.js","statementMap":{"0":{"start":{"line":3,"column":32},"end":{"line":6,"column":2}},"1":{"start":{"line":3,"column":39},"end":{"line":6,"column":1}},"2":{"start":{"line":8,"column":23},"end":{"line":11,"column":2}},"3":{"start":{"line":8,"column":34},"end":{"line":11,"column":1}},"4":{"start":{"line":13,"column":26},"end":{"line":16,"column":2}},"5":{"start":{"line":13,"column":37},"end":{"line":16,"column":1}},"6":{"start":{"line":18,"column":33},"end":{"line":21,"column":2}},"7":{"start":{"line":18,"column":44},"end":{"line":21,"column":1}},"8":{"start":{"line":23,"column":25},"end":{"line":25,"column":2}},"9":{"start":{"line":23,"column":32},"end":{"line":25,"column":1}},"10":{"start":{"line":27,"column":36},"end":{"line":29,"column":2}},"11":{"start":{"line":27,"column":43},"end":{"line":29,"column":1}},"12":{"start":{"line":31,"column":35},"end":{"line":34,"column":2}},"13":{"start":{"line":31,"column":51},"end":{"line":34,"column":1}}},"fnMap":{"0":{"name":"(anonymous_0)","decl":{"start":{"line":3,"column":32},"end":{"line":3,"column":33}},"loc":{"start":{"line":3,"column":39},"end":{"line":6,"column":1}},"line":3},"1":{"name":"(anonymous_1)","decl":{"start":{"line":8,"column":23},"end":{"line":8,"column":24}},"loc":{"start":{"line":8,"column":34},"end":{"line":11,"column":1}},"line":8},"2":{"name":"(anonymous_2)","decl":{"start":{"line":13,"column":26},"end":{"line":13,"column":27}},"loc":{"start":{"line":13,"column":37},"end":{"line":16,"column":1}},"line":13},"3":{"name":"(anonymous_3)","decl":{"start":{"line":18,"column":33},"end":{"line":18,"column":34}},"loc":{"start":{"line":18,"column":44},"end":{"line":21,"column":1}},"line":18},"4":{"name":"(anonymous_4)","decl":{"start":{"line":23,"column":25},"end":{"line":23,"column":26}},"loc":{"start":{"line":23,"column":32},"end":{"line":25,"column":1}},"line":23},"5":{"name":"(anonymous_5)","decl":{"start":{"line":27,"column":36},"end":{"line":27,"column":37}},"loc":{"start":{"line":27,"column":43},"end":{"line":29,"column":1}},"line":27},"6":{"name":"(anonymous_6)","decl":{"start":{"line":31,"column":35},"end":{"line":31,"column":36}},"loc":{"start":{"line":31,"column":51},"end":{"line":34,"column":1}},"line":31}},"branchMap":{},"s":{"0":4,"1":1,"2":4,"3":2,"4":4,"5":1,"6":4,"7":1,"8":4,"9":0,"10":4,"11":0,"12":4,"13":0},"f":{"0":1,"1":2,"2":1,"3":1,"4":0,"5":0,"6":0},"b":{},"_coverageSchema":"1a1c01bbd47fc00a2c39e90264f33305004495a9","hash":"922946e70a551591fd06c6d69445409cbdea2fe6"}
}
