TN:
SF:src/components/cart-dropdown/cart-dropdown.component.jsx
FN:51,(anonymous_0)
FN:60,(anonymous_1)
FN:68,(anonymous_2)
FNF:3
FNH:2
FNDA:4,(anonymous_0)
FNDA:12,(anonymous_1)
FNDA:0,(anonymous_2)
DA:10,1
DA:24,1
DA:26,1
DA:30,1
DA:32,1
DA:39,1
DA:49,1
DA:51,1
DA:52,4
DA:53,4
DA:54,4
DA:56,4
DA:61,12
DA:69,0
DA:70,0
LF:15
LH:13
BRDA:59,0,0,4
BRDA:59,0,1,0
BRF:2
BRH:1
end_of_record
TN:
SF:src/components/cart-icon/cart-icon.component.jsx
FN:36,(anonymous_0)
FN:40,(anonymous_1)
FNF:2
FNH:2
FNDA:3,(anonymous_0)
FNDA:1,(anonymous_1)
DA:8,1
DA:18,1
DA:20,1
DA:25,1
DA:27,1
DA:34,1
DA:36,1
DA:37,3
DA:38,3
DA:40,3
DA:41,1
DA:44,3
LF:12
LH:12
BRF:0
BRH:0
end_of_record
TN:
SF:src/components/cart-item/cart-item.component.jsx
FN:27,(anonymous_0)
FNF:1
FNH:1
FNDA:4,(anonymous_0)
DA:4,2
DA:14,2
DA:27,2
DA:28,4
LF:4
LH:4
BRF:0
BRH:0
end_of_record
TN:
SF:src/components/checkout-item/checkout-item.component.jsx
FN:67,(anonymous_0)
FN:71,(anonymous_1)
FN:75,(anonymous_2)
FN:79,(anonymous_3)
FN:90,(anonymous_4)
FN:92,(anonymous_5)
FN:95,(anonymous_6)
FNF:7
FNH:7
FNDA:4,(anonymous_0)
FNDA:1,(anonymous_1)
FNDA:1,(anonymous_2)
FNDA:1,(anonymous_3)
FNDA:1,(anonymous_4)
FNDA:1,(anonymous_5)
FNDA:1,(anonymous_6)
DA:6,1
DA:20,1
DA:30,1
DA:38,1
DA:51,1
DA:53,1
DA:65,1
DA:67,1
DA:68,4
DA:69,4
DA:71,4
DA:72,1
DA:75,4
DA:76,1
DA:79,4
DA:80,1
DA:83,4
DA:90,1
DA:92,1
DA:95,1
LF:20
LH:20
BRF:0
BRH:0
end_of_record
TN:
SF:src/components/collection-item/collection-item.component.jsx
FN:10,(anonymous_0)
FN:94,(anonymous_1)
FN:98,(anonymous_2)
FN:109,(anonymous_3)
FNF:4
FNH:3
FNDA:0,(anonymous_0)
FNDA:5,(anonymous_1)
FNDA:1,(anonymous_2)
FNDA:1,(anonymous_3)
DA:7,1
DA:10,0
DA:16,1
DA:18,1
DA:33,1
DA:35,1
DA:68,1
DA:70,1
DA:78,1
DA:80,1
DA:85,1
DA:87,1
DA:92,1
DA:94,1
DA:95,5
DA:96,5
DA:98,5
DA:99,1
DA:102,5
DA:109,1
LF:20
LH:19
BRF:0
BRH:0
end_of_record
TN:
SF:src/redux/tests.utils.js
FNF:0
FNH:0
LF:0
LH:0
BRF:0
BRH:0
end_of_record
TN:
SF:src/redux/cart/cart.actions.js
FN:3,(anonymous_0)
FN:8,(anonymous_1)
FN:13,(anonymous_2)
FN:18,(anonymous_3)
FN:23,(anonymous_4)
FN:27,(anonymous_5)
FN:31,(anonymous_6)
FNF:7
FNH:4
FNDA:1,(anonymous_0)
FNDA:2,(anonymous_1)
FNDA:1,(anonymous_2)
FNDA:1,(anonymous_3)
FNDA:0,(anonymous_4)
FNDA:0,(anonymous_5)
FNDA:0,(anonymous_6)
DA:3,4
DA:8,4
DA:13,4
DA:18,4
DA:23,4
DA:27,4
DA:31,4
LF:7
LH:7
BRF:0
BRH:0
end_of_record
